<?xml version="1.0" encoding="UTF-8"?>
<testsuite xmlns:xsi="http://www.w3.org/2001/XMLSchema-instance" xsi:noNamespaceSchemaLocation="https://maven.apache.org/surefire/maven-surefire-plugin/xsd/surefire-test-report-3.0.xsd" version="3.0" name="pl.edu.agh.kis.pz1.util.MyMapTest" time="0.047" tests="11" errors="0" skipped="0" failures="0">
  <properties>
    <property name="java.specification.version" value="17"/>
    <property name="sun.cpu.isalist" value="amd64"/>
    <property name="sun.jnu.encoding" value="Cp1250"/>
    <property name="java.class.path" value="D:\PZ1\multi-hotel\utils\target\test-classes;D:\PZ1\multi-hotel\utils\target\classes;C:\Users\jagod\.m2\repository\commons-codec\commons-codec\1.17.0\commons-codec-1.17.0.jar;C:\Users\jagod\.m2\repository\commons-io\commons-io\2.11.0\commons-io-2.11.0.jar;C:\Users\jagod\.m2\repository\org\apache\commons\commons-lang3\3.12.0\commons-lang3-3.12.0.jar;C:\Users\jagod\.m2\repository\org\apache\commons\commons-csv\1.9.0\commons-csv-1.9.0.jar;C:\Users\jagod\.m2\repository\org\junit\jupiter\junit-jupiter-engine\5.9.2\junit-jupiter-engine-5.9.2.jar;C:\Users\jagod\.m2\repository\org\junit\platform\junit-platform-engine\1.9.2\junit-platform-engine-1.9.2.jar;C:\Users\jagod\.m2\repository\org\apiguardian\apiguardian-api\1.1.2\apiguardian-api-1.1.2.jar;C:\Users\jagod\.m2\repository\org\junit\jupiter\junit-jupiter-api\5.9.2\junit-jupiter-api-5.9.2.jar;C:\Users\jagod\.m2\repository\org\opentest4j\opentest4j\1.2.0\opentest4j-1.2.0.jar;C:\Users\jagod\.m2\repository\org\junit\platform\junit-platform-commons\1.9.2\junit-platform-commons-1.9.2.jar;"/>
    <property name="java.vm.vendor" value="Oracle Corporation"/>
    <property name="sun.arch.data.model" value="64"/>
    <property name="user.variant" value=""/>
    <property name="java.vendor.url" value="https://java.oracle.com/"/>
    <property name="user.timezone" value="Europe/Warsaw"/>
    <property name="os.name" value="Windows 11"/>
    <property name="java.vm.specification.version" value="17"/>
    <property name="sun.java.launcher" value="SUN_STANDARD"/>
    <property name="user.country" value="PL"/>
    <property name="sun.boot.library.path" value="C:\Program Files\Java\jdk-17\bin"/>
    <property name="sun.java.command" value="C:\Users\jagod\AppData\Local\Temp\surefire6664146256595172669\surefirebooter-20241117193617251_3.jar C:\Users\jagod\AppData\Local\Temp\surefire6664146256595172669 2024-11-17T19-36-17_140-jvmRun1 surefire-20241117193617251_1tmp surefire_0-20241117193617251_2tmp"/>
    <property name="jdk.debug" value="release"/>
    <property name="surefire.test.class.path" value="D:\PZ1\multi-hotel\utils\target\test-classes;D:\PZ1\multi-hotel\utils\target\classes;C:\Users\jagod\.m2\repository\commons-codec\commons-codec\1.17.0\commons-codec-1.17.0.jar;C:\Users\jagod\.m2\repository\commons-io\commons-io\2.11.0\commons-io-2.11.0.jar;C:\Users\jagod\.m2\repository\org\apache\commons\commons-lang3\3.12.0\commons-lang3-3.12.0.jar;C:\Users\jagod\.m2\repository\org\apache\commons\commons-csv\1.9.0\commons-csv-1.9.0.jar;C:\Users\jagod\.m2\repository\org\junit\jupiter\junit-jupiter-engine\5.9.2\junit-jupiter-engine-5.9.2.jar;C:\Users\jagod\.m2\repository\org\junit\platform\junit-platform-engine\1.9.2\junit-platform-engine-1.9.2.jar;C:\Users\jagod\.m2\repository\org\apiguardian\apiguardian-api\1.1.2\apiguardian-api-1.1.2.jar;C:\Users\jagod\.m2\repository\org\junit\jupiter\junit-jupiter-api\5.9.2\junit-jupiter-api-5.9.2.jar;C:\Users\jagod\.m2\repository\org\opentest4j\opentest4j\1.2.0\opentest4j-1.2.0.jar;C:\Users\jagod\.m2\repository\org\junit\platform\junit-platform-commons\1.9.2\junit-platform-commons-1.9.2.jar;"/>
    <property name="sun.cpu.endian" value="little"/>
    <property name="user.home" value="C:\Users\jagod"/>
    <property name="user.language" value="pl"/>
    <property name="java.specification.vendor" value="Oracle Corporation"/>
    <property name="java.version.date" value="2024-07-16"/>
    <property name="java.home" value="C:\Program Files\Java\jdk-17"/>
    <property name="file.separator" value="\"/>
    <property name="basedir" value="D:\PZ1\multi-hotel\utils"/>
    <property name="java.vm.compressedOopsMode" value="Zero based"/>
    <property name="line.separator" value="&#10;"/>
    <property name="java.vm.specification.vendor" value="Oracle Corporation"/>
    <property name="java.specification.name" value="Java Platform API Specification"/>
    <property name="surefire.real.class.path" value="C:\Users\jagod\AppData\Local\Temp\surefire6664146256595172669\surefirebooter-20241117193617251_3.jar"/>
    <property name="user.script" value=""/>
    <property name="sun.management.compiler" value="HotSpot 64-Bit Tiered Compilers"/>
    <property name="java.runtime.version" value="17.0.12+8-LTS-286"/>
    <property name="user.name" value="jagod"/>
    <property name="path.separator" value=";"/>
    <property name="os.version" value="10.0"/>
    <property name="java.runtime.name" value="Java(TM) SE Runtime Environment"/>
    <property name="file.encoding" value="Cp1250"/>
    <property name="java.vm.name" value="Java HotSpot(TM) 64-Bit Server VM"/>
    <property name="localRepository" value="C:\Users\jagod\.m2\repository"/>
    <property name="java.vendor.url.bug" value="https://bugreport.java.com/bugreport/"/>
    <property name="java.io.tmpdir" value="C:\Users\jagod\AppData\Local\Temp\"/>
    <property name="java.version" value="17.0.12"/>
    <property name="user.dir" value="D:\PZ1\multi-hotel\utils"/>
    <property name="os.arch" value="amd64"/>
    <property name="java.vm.specification.name" value="Java Virtual Machine Specification"/>
    <property name="sun.os.patch.level" value=""/>
    <property name="native.encoding" value="Cp1250"/>
    <property name="java.library.path" value="C:\Program Files\Java\jdk-17\bin;C:\Windows\Sun\Java\bin;C:\Windows\system32;C:\Windows;C:\Program Files\Common Files\Oracle\Java\javapath;C:\Program Files (x86)\Common Files\Oracle\Java\java8path;C:\Program Files (x86)\Common Files\Oracle\Java\javapath;C:\Windows\system32;C:\Windows;C:\Windows\System32\Wbem;C:\Windows\System32\WindowsPowerShell\v1.0\;C:\Windows\System32\OpenSSH\;C:\Program Files (x86)\NVIDIA Corporation\PhysX\Common;D:\;D:\msys64\mingw64\bin;C:\Program Files\dotnet\;C:\Program Files\CMake\bin;C:\Program Files\Java\jdk-17\bin;C:\Users\jagod\.jdks\openjdk-22.0.2\bin;C:\Users\jagod\.jdks\corretto-17.0.13\bin;C:\Program Files\Maven\apache-maven-3.9.9\bin;C:\sonar-scanner-6.2.1.4610-windows-x64\bin;C:\Users\jagod\AppData\Local\Programs\Python\Python312\Scripts\;C:\Users\jagod\AppData\Local\Programs\Python\Python312\;C:\Users\jagod\AppData\Local\Microsoft\WindowsApps;D:\Microsoft VS Code\bin;C:\Users\jagod\.dotnet\tools;C:\Users\jagod\AppData\Local\GitHubDesktop\bin;D:\Git\cmd;C:\Users\jagod\xmake;C:\msys64\ucrt64\bin;;."/>
    <property name="java.vm.info" value="mixed mode, sharing"/>
    <property name="java.vendor" value="Oracle Corporation"/>
    <property name="java.vm.version" value="17.0.12+8-LTS-286"/>
    <property name="sun.io.unicode.encoding" value="UnicodeLittle"/>
    <property name="java.class.version" value="61.0"/>
  </properties>
  <testcase name="testRemoveExistingElement" classname="pl.edu.agh.kis.pz1.util.MyMapTest" time="0.017"/>
  <testcase name="testContainsExistingKey" classname="pl.edu.agh.kis.pz1.util.MyMapTest" time="0.002"/>
  <testcase name="testKeys" classname="pl.edu.agh.kis.pz1.util.MyMapTest" time="0.001"/>
  <testcase name="testPutNewElement" classname="pl.edu.agh.kis.pz1.util.MyMapTest" time="0.001"/>
  <testcase name="testGetNonExistingElement" classname="pl.edu.agh.kis.pz1.util.MyMapTest" time="0.001"/>
  <testcase name="testPutExistingElement" classname="pl.edu.agh.kis.pz1.util.MyMapTest" time="0.001"/>
  <testcase name="testRemoveNullKey" classname="pl.edu.agh.kis.pz1.util.MyMapTest" time="0.0"/>
  <testcase name="testGetExistingElement" classname="pl.edu.agh.kis.pz1.util.MyMapTest" time="0.001"/>
  <testcase name="testContainsNonExistingKey" classname="pl.edu.agh.kis.pz1.util.MyMapTest" time="0.001"/>
  <testcase name="testRemoveNonExistingElement" classname="pl.edu.agh.kis.pz1.util.MyMapTest" time="0.0"/>
  <testcase name="testPutNullKey" classname="pl.edu.agh.kis.pz1.util.MyMapTest" time="0.0"/>
</testsuite>